<?xml version="1.0" encoding="UTF-8"?>
<robot generator="Robot 3.2.2 (Python 3.8.3 on linux)" generated="20201014 13:54:04.962" rpa="false">
<suite id="s1" name="Test Suite Site" source="/home/larissa/Área de Trabalho/ze_delivery_challenge/Site/test_suite_site">
<suite id="s1-s1" name="TestCase1-Login" source="/home/larissa/Área de Trabalho/ze_delivery_challenge/Site/test_suite_site/TestCase1-Login.robot">
<test id="s1-s1-t1" name="Cenário 01: Login">
<kw name="Abrir navegador" library="Resource" type="setup">
<kw name="Open Browser" library="SeleniumLibrary">
<doc>Opens a new browser instance to the optional ``url``.</doc>
<arguments>
<arg>${URL}</arg>
<arg>${BROWSER}</arg>
</arguments>
<msg timestamp="20201014 13:54:05.104" level="INFO">Opening browser 'chrome' to base url 'https://www.ze.delivery'.</msg>
<status status="PASS" starttime="20201014 13:54:05.104" endtime="20201014 13:54:09.416"></status>
</kw>
<kw name="Delete All Cookies" library="SeleniumLibrary">
<doc>Deletes all cookies.</doc>
<status status="PASS" starttime="20201014 13:54:09.416" endtime="20201014 13:54:09.423"></status>
</kw>
<kw name="Maximize Browser Window" library="SeleniumLibrary">
<doc>Maximizes current browser window.</doc>
<status status="PASS" starttime="20201014 13:54:09.423" endtime="20201014 13:54:09.530"></status>
</kw>
<status status="PASS" starttime="20201014 13:54:05.103" endtime="20201014 13:54:09.531"></status>
</kw>
<kw name="Dado que esteja na tela HOME do site" library="BDDpt-br">
<kw name="Run Keyword" library="BuiltIn">
<doc>Executes the given keyword with the given arguments.</doc>
<arguments>
<arg>${keyword}</arg>
</arguments>
<kw name="Que esteja na tela HOME do site" library="Resource">
<kw name="Wait Until Element Is Visible" library="SeleniumLibrary">
<doc>Waits until the element ``locator`` is visible.</doc>
<arguments>
<arg>${CABEÇALHO}</arg>
</arguments>
<status status="PASS" starttime="20201014 13:54:09.534" endtime="20201014 13:54:09.576"></status>
</kw>
<status status="PASS" starttime="20201014 13:54:09.533" endtime="20201014 13:54:09.576"></status>
</kw>
<status status="PASS" starttime="20201014 13:54:09.532" endtime="20201014 13:54:09.576"></status>
</kw>
<status status="PASS" starttime="20201014 13:54:09.531" endtime="20201014 13:54:09.576"></status>
</kw>
<kw name="Quando clicar no botão entrar" library="BDDpt-br">
<kw name="Run Keyword" library="BuiltIn">
<doc>Executes the given keyword with the given arguments.</doc>
<arguments>
<arg>${keyword}</arg>
</arguments>
<kw name="Clicar no botão entrar" library="Resource">
<kw name="Set Browser Implicit Wait" library="SeleniumLibrary">
<doc>Sets the implicit wait value used by Selenium.</doc>
<arguments>
<arg>3s</arg>
</arguments>
<status status="PASS" starttime="20201014 13:54:09.578" endtime="20201014 13:54:09.579"></status>
</kw>
<kw name="Wait Until Element Is Visible" library="SeleniumLibrary">
<doc>Waits until the element ``locator`` is visible.</doc>
<arguments>
<arg>${BOTAO_SIM}</arg>
</arguments>
<status status="PASS" starttime="20201014 13:54:09.579" endtime="20201014 13:54:09.632"></status>
</kw>
<kw name="Click Button" library="SeleniumLibrary">
<doc>Clicks the button identified by ``locator``.</doc>
<arguments>
<arg>${BOTAO_SIM}</arg>
</arguments>
<msg timestamp="20201014 13:54:09.633" level="INFO">Clicking button 'css=#age-gate-button-yes'.</msg>
<status status="PASS" starttime="20201014 13:54:09.632" endtime="20201014 13:54:09.717"></status>
</kw>
<kw name="Click Button" library="SeleniumLibrary">
<doc>Clicks the button identified by ``locator``.</doc>
<arguments>
<arg>${BOTAO_ENTRAR_HOME}</arg>
</arguments>
<msg timestamp="20201014 13:54:09.718" level="INFO">Clicking button 'css=#welcome-button-sign-in'.</msg>
<status status="PASS" starttime="20201014 13:54:09.717" endtime="20201014 13:54:10.057"></status>
</kw>
<kw name="Click Button" library="SeleniumLibrary">
<doc>Clicks the button identified by ``locator``.</doc>
<arguments>
<arg>${COOKIES}</arg>
</arguments>
<msg timestamp="20201014 13:54:10.059" level="INFO">Clicking button 'css=button.optanon-allow-all'.</msg>
<status status="PASS" starttime="20201014 13:54:10.058" endtime="20201014 13:54:10.930"></status>
</kw>
<kw name="Wait Until Element Is Visible" library="SeleniumLibrary">
<doc>Waits until the element ``locator`` is visible.</doc>
<arguments>
<arg>${EMAIL}</arg>
</arguments>
<status status="PASS" starttime="20201014 13:54:10.930" endtime="20201014 13:54:10.954"></status>
</kw>
<kw name="Input Text" library="SeleniumLibrary">
<doc>Types the given ``text`` into the text field identified by ``locator``.</doc>
<arguments>
<arg>${EMAIL}</arg>
<arg>challenge.teste@gmail.com</arg>
</arguments>
<msg timestamp="20201014 13:54:10.955" level="INFO">Typing text 'challenge.teste@gmail.com' into text field 'css=#login-mail-input-email'.</msg>
<status status="PASS" starttime="20201014 13:54:10.954" endtime="20201014 13:54:11.227"></status>
</kw>
<kw name="Input Password" library="SeleniumLibrary">
<doc>Types the given password into the text field identified by ``locator``.</doc>
<arguments>
<arg>${PASSWORD}</arg>
<arg>Teste@123**</arg>
</arguments>
<msg timestamp="20201014 13:54:11.228" level="INFO">Typing password into text field 'css=#login-mail-input-password'.</msg>
<msg timestamp="20201014 13:54:11.363" level="INFO">Temporally setting log level to: NONE</msg>
<msg timestamp="20201014 13:54:11.515" level="INFO">Log level changed from NONE to INFO.</msg>
<status status="PASS" starttime="20201014 13:54:11.227" endtime="20201014 13:54:11.515"></status>
</kw>
<kw name="Click Button" library="SeleniumLibrary">
<doc>Clicks the button identified by ``locator``.</doc>
<arguments>
<arg>${BOTAO_ENTRAR_LOGIN}</arg>
</arguments>
<msg timestamp="20201014 13:54:11.515" level="INFO">Clicking button 'css=#login-mail-button-sign-in'.</msg>
<status status="PASS" starttime="20201014 13:54:11.515" endtime="20201014 13:54:11.623"></status>
</kw>
<status status="PASS" starttime="20201014 13:54:09.577" endtime="20201014 13:54:11.623"></status>
</kw>
<status status="PASS" starttime="20201014 13:54:09.577" endtime="20201014 13:54:11.623"></status>
</kw>
<status status="PASS" starttime="20201014 13:54:09.577" endtime="20201014 13:54:11.623"></status>
</kw>
<kw name="Então o login deve ser realizado com sucesso" library="BDDpt-br">
<kw name="Run Keyword" library="BuiltIn">
<doc>Executes the given keyword with the given arguments.</doc>
<arguments>
<arg>${keyword}</arg>
</arguments>
<kw name="O login deve ser realizado com sucesso" library="Resource">
<kw name="Set Browser Implicit Wait" library="SeleniumLibrary">
<doc>Sets the implicit wait value used by Selenium.</doc>
<arguments>
<arg>3s</arg>
</arguments>
<status status="PASS" starttime="20201014 13:54:11.627" endtime="20201014 13:54:11.629"></status>
</kw>
<kw name="Wait Until Element Is Visible" library="SeleniumLibrary">
<doc>Waits until the element ``locator`` is visible.</doc>
<arguments>
<arg>${CAMPO_PESQUISAR}</arg>
</arguments>
<status status="PASS" starttime="20201014 13:54:11.630" endtime="20201014 13:54:16.908"></status>
</kw>
<status status="PASS" starttime="20201014 13:54:11.626" endtime="20201014 13:54:16.908"></status>
</kw>
<status status="PASS" starttime="20201014 13:54:11.625" endtime="20201014 13:54:16.908"></status>
</kw>
<status status="PASS" starttime="20201014 13:54:11.624" endtime="20201014 13:54:16.908"></status>
</kw>
<kw name="Fechar Navegador" library="Resource" type="teardown">
<kw name="Delete All Cookies" library="SeleniumLibrary">
<doc>Deletes all cookies.</doc>
<status status="PASS" starttime="20201014 13:54:16.909" endtime="20201014 13:54:17.523"></status>
</kw>
<kw name="Close Browser" library="SeleniumLibrary">
<doc>Closes the current browser.</doc>
<status status="PASS" starttime="20201014 13:54:17.524" endtime="20201014 13:54:17.637"></status>
</kw>
<status status="PASS" starttime="20201014 13:54:16.909" endtime="20201014 13:54:17.637"></status>
</kw>
<status status="PASS" starttime="20201014 13:54:05.103" endtime="20201014 13:54:17.637" critical="yes"></status>
</test>
<test id="s1-s1-t2" name="Cenário 02: E-mail inválido">
<kw name="Abrir navegador" library="Resource" type="setup">
<kw name="Open Browser" library="SeleniumLibrary">
<doc>Opens a new browser instance to the optional ``url``.</doc>
<arguments>
<arg>${URL}</arg>
<arg>${BROWSER}</arg>
</arguments>
<msg timestamp="20201014 13:54:17.646" level="INFO">Opening browser 'chrome' to base url 'https://www.ze.delivery'.</msg>
<status status="PASS" starttime="20201014 13:54:17.642" endtime="20201014 13:54:21.584"></status>
</kw>
<kw name="Delete All Cookies" library="SeleniumLibrary">
<doc>Deletes all cookies.</doc>
<status status="PASS" starttime="20201014 13:54:21.585" endtime="20201014 13:54:21.593"></status>
</kw>
<kw name="Maximize Browser Window" library="SeleniumLibrary">
<doc>Maximizes current browser window.</doc>
<status status="PASS" starttime="20201014 13:54:21.593" endtime="20201014 13:54:21.702"></status>
</kw>
<status status="PASS" starttime="20201014 13:54:17.640" endtime="20201014 13:54:21.705"></status>
</kw>
<kw name="Dado que esteja na tela de Login" library="BDDpt-br">
<kw name="Run Keyword" library="BuiltIn">
<doc>Executes the given keyword with the given arguments.</doc>
<arguments>
<arg>${keyword}</arg>
</arguments>
<kw name="Que esteja na tela de Login" library="Resource">
<kw name="Set Browser Implicit Wait" library="SeleniumLibrary">
<doc>Sets the implicit wait value used by Selenium.</doc>
<arguments>
<arg>3s</arg>
</arguments>
<status status="PASS" starttime="20201014 13:54:21.715" endtime="20201014 13:54:21.720"></status>
</kw>
<kw name="Wait Until Element Is Enabled" library="SeleniumLibrary">
<doc>Waits until the element ``locator`` is enabled.</doc>
<arguments>
<arg>${BOTAO_SIM}</arg>
</arguments>
<status status="PASS" starttime="20201014 13:54:21.721" endtime="20201014 13:54:21.828"></status>
</kw>
<kw name="Click Button" library="SeleniumLibrary">
<doc>Clicks the button identified by ``locator``.</doc>
<arguments>
<arg>${BOTAO_SIM}</arg>
</arguments>
<msg timestamp="20201014 13:54:21.829" level="INFO">Clicking button 'css=#age-gate-button-yes'.</msg>
<status status="PASS" starttime="20201014 13:54:21.828" endtime="20201014 13:54:21.905"></status>
</kw>
<kw name="Click Button" library="SeleniumLibrary">
<doc>Clicks the button identified by ``locator``.</doc>
<arguments>
<arg>${BOTAO_ENTRAR_HOME}</arg>
</arguments>
<msg timestamp="20201014 13:54:21.905" level="INFO">Clicking button 'css=#welcome-button-sign-in'.</msg>
<status status="PASS" starttime="20201014 13:54:21.905" endtime="20201014 13:54:22.263"></status>
</kw>
<kw name="Wait Until Element Is Visible" library="SeleniumLibrary">
<doc>Waits until the element ``locator`` is visible.</doc>
<arguments>
<arg>${EMAIL}</arg>
</arguments>
<status status="PASS" starttime="20201014 13:54:22.263" endtime="20201014 13:54:22.560"></status>
</kw>
<status status="PASS" starttime="20201014 13:54:21.713" endtime="20201014 13:54:22.560"></status>
</kw>
<status status="PASS" starttime="20201014 13:54:21.711" endtime="20201014 13:54:22.560"></status>
</kw>
<status status="PASS" starttime="20201014 13:54:21.709" endtime="20201014 13:54:22.561"></status>
</kw>
<kw name="Quando inserir um e-mail inválido" library="BDDpt-br">
<kw name="Run Keyword" library="BuiltIn">
<doc>Executes the given keyword with the given arguments.</doc>
<arguments>
<arg>${keyword}</arg>
</arguments>
<kw name="Inserir um e-mail inválido" library="Resource">
<kw name="Input Text" library="SeleniumLibrary">
<doc>Types the given ``text`` into the text field identified by ``locator``.</doc>
<arguments>
<arg>${EMAIL}</arg>
<arg>challenge.teste@gmail.c</arg>
</arguments>
<msg timestamp="20201014 13:54:22.562" level="INFO">Typing text 'challenge.teste@gmail.c' into text field 'css=#login-mail-input-email'.</msg>
<status status="PASS" starttime="20201014 13:54:22.562" endtime="20201014 13:54:22.742"></status>
</kw>
<kw name="Input Password" library="SeleniumLibrary">
<doc>Types the given password into the text field identified by ``locator``.</doc>
<arguments>
<arg>${PASSWORD}</arg>
<arg>Teste@123**</arg>
</arguments>
<msg timestamp="20201014 13:54:22.743" level="INFO">Typing password into text field 'css=#login-mail-input-password'.</msg>
<msg timestamp="20201014 13:54:22.862" level="INFO">Temporally setting log level to: NONE</msg>
<msg timestamp="20201014 13:54:22.963" level="INFO">Log level changed from NONE to INFO.</msg>
<status status="PASS" starttime="20201014 13:54:22.743" endtime="20201014 13:54:22.963"></status>
</kw>
<kw name="Click Button" library="SeleniumLibrary">
<doc>Clicks the button identified by ``locator``.</doc>
<arguments>
<arg>${BOTAO_ENTRAR_LOGIN}</arg>
</arguments>
<msg timestamp="20201014 13:54:22.964" level="INFO">Clicking button 'css=#login-mail-button-sign-in'.</msg>
<status status="PASS" starttime="20201014 13:54:22.964" endtime="20201014 13:54:23.030"></status>
</kw>
<status status="PASS" starttime="20201014 13:54:22.561" endtime="20201014 13:54:23.030"></status>
</kw>
<status status="PASS" starttime="20201014 13:54:22.561" endtime="20201014 13:54:23.031"></status>
</kw>
<status status="PASS" starttime="20201014 13:54:22.561" endtime="20201014 13:54:23.031"></status>
</kw>
<kw name="Então a mensagem &quot;Eita, esse e-mail não parece correto&quot; deve ser exibida" library="BDDpt-br">
<kw name="Run Keyword" library="BuiltIn">
<doc>Executes the given keyword with the given arguments.</doc>
<arguments>
<arg>${keyword}</arg>
</arguments>
<kw name="A mensagem &quot;Eita, esse e-mail não parece correto&quot; deve ser exibida" library="Resource">
<kw name="Wait Until Element Is Visible" library="SeleniumLibrary">
<doc>Waits until the element ``locator`` is visible.</doc>
<arguments>
<arg>${MENSAGEM_EMAIL}</arg>
</arguments>
<status status="PASS" starttime="20201014 13:54:23.032" endtime="20201014 13:54:23.059"></status>
</kw>
<status status="PASS" starttime="20201014 13:54:23.032" endtime="20201014 13:54:23.059"></status>
</kw>
<status status="PASS" starttime="20201014 13:54:23.032" endtime="20201014 13:54:23.059"></status>
</kw>
<status status="PASS" starttime="20201014 13:54:23.031" endtime="20201014 13:54:23.059"></status>
</kw>
<kw name="Fechar Navegador" library="Resource" type="teardown">
<kw name="Delete All Cookies" library="SeleniumLibrary">
<doc>Deletes all cookies.</doc>
<status status="PASS" starttime="20201014 13:54:23.060" endtime="20201014 13:54:23.105"></status>
</kw>
<kw name="Close Browser" library="SeleniumLibrary">
<doc>Closes the current browser.</doc>
<status status="PASS" starttime="20201014 13:54:23.106" endtime="20201014 13:54:23.178"></status>
</kw>
<status status="PASS" starttime="20201014 13:54:23.060" endtime="20201014 13:54:23.178"></status>
</kw>
<status status="PASS" starttime="20201014 13:54:17.638" endtime="20201014 13:54:23.178" critical="yes"></status>
</test>
<test id="s1-s1-t3" name="Cenário 03: Senha inválida">
<kw name="Abrir navegador" library="Resource" type="setup">
<kw name="Open Browser" library="SeleniumLibrary">
<doc>Opens a new browser instance to the optional ``url``.</doc>
<arguments>
<arg>${URL}</arg>
<arg>${BROWSER}</arg>
</arguments>
<msg timestamp="20201014 13:54:23.182" level="INFO">Opening browser 'chrome' to base url 'https://www.ze.delivery'.</msg>
<status status="PASS" starttime="20201014 13:54:23.181" endtime="20201014 13:54:27.206"></status>
</kw>
<kw name="Delete All Cookies" library="SeleniumLibrary">
<doc>Deletes all cookies.</doc>
<status status="PASS" starttime="20201014 13:54:27.206" endtime="20201014 13:54:27.217"></status>
</kw>
<kw name="Maximize Browser Window" library="SeleniumLibrary">
<doc>Maximizes current browser window.</doc>
<status status="PASS" starttime="20201014 13:54:27.217" endtime="20201014 13:54:27.321"></status>
</kw>
<status status="PASS" starttime="20201014 13:54:23.181" endtime="20201014 13:54:27.321"></status>
</kw>
<kw name="Dado que esteja na tela de Login" library="BDDpt-br">
<kw name="Run Keyword" library="BuiltIn">
<doc>Executes the given keyword with the given arguments.</doc>
<arguments>
<arg>${keyword}</arg>
</arguments>
<kw name="Que esteja na tela de Login" library="Resource">
<kw name="Set Browser Implicit Wait" library="SeleniumLibrary">
<doc>Sets the implicit wait value used by Selenium.</doc>
<arguments>
<arg>3s</arg>
</arguments>
<status status="PASS" starttime="20201014 13:54:27.323" endtime="20201014 13:54:27.325"></status>
</kw>
<kw name="Wait Until Element Is Enabled" library="SeleniumLibrary">
<doc>Waits until the element ``locator`` is enabled.</doc>
<arguments>
<arg>${BOTAO_SIM}</arg>
</arguments>
<status status="PASS" starttime="20201014 13:54:27.325" endtime="20201014 13:54:27.369"></status>
</kw>
<kw name="Click Button" library="SeleniumLibrary">
<doc>Clicks the button identified by ``locator``.</doc>
<arguments>
<arg>${BOTAO_SIM}</arg>
</arguments>
<msg timestamp="20201014 13:54:27.370" level="INFO">Clicking button 'css=#age-gate-button-yes'.</msg>
<status status="PASS" starttime="20201014 13:54:27.370" endtime="20201014 13:54:27.454"></status>
</kw>
<kw name="Click Button" library="SeleniumLibrary">
<doc>Clicks the button identified by ``locator``.</doc>
<arguments>
<arg>${BOTAO_ENTRAR_HOME}</arg>
</arguments>
<msg timestamp="20201014 13:54:27.454" level="INFO">Clicking button 'css=#welcome-button-sign-in'.</msg>
<status status="PASS" starttime="20201014 13:54:27.454" endtime="20201014 13:54:27.840"></status>
</kw>
<kw name="Wait Until Element Is Visible" library="SeleniumLibrary">
<doc>Waits until the element ``locator`` is visible.</doc>
<arguments>
<arg>${EMAIL}</arg>
</arguments>
<status status="PASS" starttime="20201014 13:54:27.840" endtime="20201014 13:54:28.030"></status>
</kw>
<status status="PASS" starttime="20201014 13:54:27.323" endtime="20201014 13:54:28.031"></status>
</kw>
<status status="PASS" starttime="20201014 13:54:27.322" endtime="20201014 13:54:28.031"></status>
</kw>
<status status="PASS" starttime="20201014 13:54:27.322" endtime="20201014 13:54:28.031"></status>
</kw>
<kw name="Quando não inserir uma senha" library="BDDpt-br">
<kw name="Run Keyword" library="BuiltIn">
<doc>Executes the given keyword with the given arguments.</doc>
<arguments>
<arg>${keyword}</arg>
</arguments>
<kw name="Não inserir uma senha" library="Resource">
<kw name="Input Text" library="SeleniumLibrary">
<doc>Types the given ``text`` into the text field identified by ``locator``.</doc>
<arguments>
<arg>${EMAIL}</arg>
<arg>challenge.teste@gmail.com</arg>
</arguments>
<msg timestamp="20201014 13:54:28.034" level="INFO">Typing text 'challenge.teste@gmail.com' into text field 'css=#login-mail-input-email'.</msg>
<status status="PASS" starttime="20201014 13:54:28.033" endtime="20201014 13:54:28.246"></status>
</kw>
<kw name="Wait Until Element Is Enabled" library="SeleniumLibrary">
<doc>Waits until the element ``locator`` is enabled.</doc>
<arguments>
<arg>${PASSWORD}</arg>
</arguments>
<status status="PASS" starttime="20201014 13:54:28.246" endtime="20201014 13:54:28.354"></status>
</kw>
<kw name="Click Element" library="SeleniumLibrary">
<doc>Click the element identified by ``locator``.</doc>
<arguments>
<arg>${PASSWORD}</arg>
</arguments>
<msg timestamp="20201014 13:54:28.355" level="INFO">Clicking element 'css=#login-mail-input-password'.</msg>
<status status="PASS" starttime="20201014 13:54:28.354" endtime="20201014 13:54:28.405"></status>
</kw>
<kw name="Click Button" library="SeleniumLibrary">
<doc>Clicks the button identified by ``locator``.</doc>
<arguments>
<arg>${BOTAO_ENTRAR_LOGIN}</arg>
</arguments>
<msg timestamp="20201014 13:54:28.406" level="INFO">Clicking button 'css=#login-mail-button-sign-in'.</msg>
<status status="PASS" starttime="20201014 13:54:28.405" endtime="20201014 13:54:28.473"></status>
</kw>
<status status="PASS" starttime="20201014 13:54:28.033" endtime="20201014 13:54:28.473"></status>
</kw>
<status status="PASS" starttime="20201014 13:54:28.032" endtime="20201014 13:54:28.473"></status>
</kw>
<status status="PASS" starttime="20201014 13:54:28.031" endtime="20201014 13:54:28.473"></status>
</kw>
<kw name="Então a mensagem &quot;O campo senha não pode ficar vazio&quot; deve ser exibida" library="BDDpt-br">
<kw name="Run Keyword" library="BuiltIn">
<doc>Executes the given keyword with the given arguments.</doc>
<arguments>
<arg>${keyword}</arg>
</arguments>
<kw name="A mensagem &quot;O campo senha não pode ficar vazio&quot; deve ser exibida" library="Resource">
<kw name="Wait Until Element Is Visible" library="SeleniumLibrary">
<doc>Waits until the element ``locator`` is visible.</doc>
<arguments>
<arg>${MENSAGEM_SENHA}</arg>
</arguments>
<status status="PASS" starttime="20201014 13:54:28.475" endtime="20201014 13:54:28.500"></status>
</kw>
<status status="PASS" starttime="20201014 13:54:28.475" endtime="20201014 13:54:28.500"></status>
</kw>
<status status="PASS" starttime="20201014 13:54:28.474" endtime="20201014 13:54:28.500"></status>
</kw>
<status status="PASS" starttime="20201014 13:54:28.474" endtime="20201014 13:54:28.500"></status>
</kw>
<kw name="Fechar Navegador" library="Resource" type="teardown">
<kw name="Delete All Cookies" library="SeleniumLibrary">
<doc>Deletes all cookies.</doc>
<status status="PASS" starttime="20201014 13:54:28.501" endtime="20201014 13:54:28.506"></status>
</kw>
<kw name="Close Browser" library="SeleniumLibrary">
<doc>Closes the current browser.</doc>
<status status="PASS" starttime="20201014 13:54:28.506" endtime="20201014 13:54:28.563"></status>
</kw>
<status status="PASS" starttime="20201014 13:54:28.501" endtime="20201014 13:54:28.564"></status>
</kw>
<status status="PASS" starttime="20201014 13:54:23.180" endtime="20201014 13:54:28.564" critical="yes"></status>
</test>
<status status="PASS" starttime="20201014 13:54:04.981" endtime="20201014 13:54:28.565"></status>
</suite>
<suite id="s1-s2" name="TestCase2-Busca" source="/home/larissa/Área de Trabalho/ze_delivery_challenge/Site/test_suite_site/TestCase2-Busca.robot">
<test id="s1-s2-t1" name="Cenário 01: Buscar produto">
<kw name="Abrir navegador" library="Resource" type="setup">
<kw name="Open Browser" library="SeleniumLibrary">
<doc>Opens a new browser instance to the optional ``url``.</doc>
<arguments>
<arg>${URL}</arg>
<arg>${BROWSER}</arg>
</arguments>
<msg timestamp="20201014 13:54:28.574" level="INFO">Opening browser 'chrome' to base url 'https://www.ze.delivery'.</msg>
<status status="PASS" starttime="20201014 13:54:28.573" endtime="20201014 13:54:33.350"></status>
</kw>
<kw name="Delete All Cookies" library="SeleniumLibrary">
<doc>Deletes all cookies.</doc>
<status status="PASS" starttime="20201014 13:54:33.350" endtime="20201014 13:54:33.359"></status>
</kw>
<kw name="Maximize Browser Window" library="SeleniumLibrary">
<doc>Maximizes current browser window.</doc>
<status status="PASS" starttime="20201014 13:54:33.360" endtime="20201014 13:54:33.469"></status>
</kw>
<status status="PASS" starttime="20201014 13:54:28.573" endtime="20201014 13:54:33.469"></status>
</kw>
<kw name="Dado que esteja na tela de produtos" library="BDDpt-br">
<kw name="Run Keyword" library="BuiltIn">
<doc>Executes the given keyword with the given arguments.</doc>
<arguments>
<arg>${keyword}</arg>
</arguments>
<kw name="Que esteja na tela de produtos" library="Resource">
<kw name="Clicar no botão entrar" library="Resource">
<kw name="Set Browser Implicit Wait" library="SeleniumLibrary">
<doc>Sets the implicit wait value used by Selenium.</doc>
<arguments>
<arg>3s</arg>
</arguments>
<status status="PASS" starttime="20201014 13:54:33.477" endtime="20201014 13:54:33.479"></status>
</kw>
<kw name="Wait Until Element Is Visible" library="SeleniumLibrary">
<doc>Waits until the element ``locator`` is visible.</doc>
<arguments>
<arg>${BOTAO_SIM}</arg>
</arguments>
<status status="PASS" starttime="20201014 13:54:33.479" endtime="20201014 13:54:33.509"></status>
</kw>
<kw name="Click Button" library="SeleniumLibrary">
<doc>Clicks the button identified by ``locator``.</doc>
<arguments>
<arg>${BOTAO_SIM}</arg>
</arguments>
<msg timestamp="20201014 13:54:33.510" level="INFO">Clicking button 'css=#age-gate-button-yes'.</msg>
<status status="PASS" starttime="20201014 13:54:33.510" endtime="20201014 13:54:33.587"></status>
</kw>
<kw name="Click Button" library="SeleniumLibrary">
<doc>Clicks the button identified by ``locator``.</doc>
<arguments>
<arg>${BOTAO_ENTRAR_HOME}</arg>
</arguments>
<msg timestamp="20201014 13:54:33.588" level="INFO">Clicking button 'css=#welcome-button-sign-in'.</msg>
<status status="PASS" starttime="20201014 13:54:33.587" endtime="20201014 13:54:33.906"></status>
</kw>
<kw name="Click Button" library="SeleniumLibrary">
<doc>Clicks the button identified by ``locator``.</doc>
<arguments>
<arg>${COOKIES}</arg>
</arguments>
<msg timestamp="20201014 13:54:33.907" level="INFO">Clicking button 'css=button.optanon-allow-all'.</msg>
<status status="PASS" starttime="20201014 13:54:33.906" endtime="20201014 13:54:35.117"></status>
</kw>
<kw name="Wait Until Element Is Visible" library="SeleniumLibrary">
<doc>Waits until the element ``locator`` is visible.</doc>
<arguments>
<arg>${EMAIL}</arg>
</arguments>
<kw name="Capture Page Screenshot" library="SeleniumLibrary">
<doc>Takes a screenshot of the current page and embeds it into a log file.</doc>
<msg timestamp="20201014 13:54:42.090" level="INFO" html="yes">&lt;/td&gt;&lt;/tr&gt;&lt;tr&gt;&lt;td colspan="3"&gt;&lt;a href="selenium-screenshot-1.png"&gt;&lt;img src="selenium-screenshot-1.png" width="800px"&gt;&lt;/a&gt;</msg>
<status status="PASS" starttime="20201014 13:54:41.633" endtime="20201014 13:54:42.090"></status>
</kw>
<msg timestamp="20201014 13:54:42.094" level="FAIL">Element 'css=#login-mail-input-email' not visible after 5 seconds.</msg>
<status status="FAIL" starttime="20201014 13:54:35.117" endtime="20201014 13:54:42.094"></status>
</kw>
<status status="FAIL" starttime="20201014 13:54:33.476" endtime="20201014 13:54:42.095"></status>
</kw>
<status status="FAIL" starttime="20201014 13:54:33.473" endtime="20201014 13:54:42.095"></status>
</kw>
<status status="FAIL" starttime="20201014 13:54:33.471" endtime="20201014 13:54:42.095"></status>
</kw>
<status status="FAIL" starttime="20201014 13:54:33.470" endtime="20201014 13:54:42.095"></status>
</kw>
<kw name="Fechar Navegador" library="Resource" type="teardown">
<kw name="Delete All Cookies" library="SeleniumLibrary">
<doc>Deletes all cookies.</doc>
<status status="PASS" starttime="20201014 13:54:42.096" endtime="20201014 13:54:42.335"></status>
</kw>
<kw name="Close Browser" library="SeleniumLibrary">
<doc>Closes the current browser.</doc>
<status status="PASS" starttime="20201014 13:54:42.336" endtime="20201014 13:54:42.398"></status>
</kw>
<status status="PASS" starttime="20201014 13:54:42.095" endtime="20201014 13:54:42.398"></status>
</kw>
<status status="FAIL" starttime="20201014 13:54:28.572" endtime="20201014 13:54:42.398" critical="yes">Element 'css=#login-mail-input-email' not visible after 5 seconds.</status>
</test>
<test id="s1-s2-t2" name="Cenário 02: Adicionar produto na sacola">
<kw name="Abrir navegador" library="Resource" type="setup">
<kw name="Open Browser" library="SeleniumLibrary">
<doc>Opens a new browser instance to the optional ``url``.</doc>
<arguments>
<arg>${URL}</arg>
<arg>${BROWSER}</arg>
</arguments>
<msg timestamp="20201014 13:54:42.402" level="INFO">Opening browser 'chrome' to base url 'https://www.ze.delivery'.</msg>
<status status="PASS" starttime="20201014 13:54:42.401" endtime="20201014 13:54:46.781"></status>
</kw>
<kw name="Delete All Cookies" library="SeleniumLibrary">
<doc>Deletes all cookies.</doc>
<status status="PASS" starttime="20201014 13:54:46.781" endtime="20201014 13:54:46.791"></status>
</kw>
<kw name="Maximize Browser Window" library="SeleniumLibrary">
<doc>Maximizes current browser window.</doc>
<status status="PASS" starttime="20201014 13:54:46.791" endtime="20201014 13:54:46.913"></status>
</kw>
<status status="PASS" starttime="20201014 13:54:42.400" endtime="20201014 13:54:46.914"></status>
</kw>
<kw name="Dado que esteja na tela de resultado da pesquisa pelo produto &quot;budweiser&quot;" library="BDDpt-br">
<kw name="Run Keyword" library="BuiltIn">
<doc>Executes the given keyword with the given arguments.</doc>
<arguments>
<arg>${keyword}</arg>
</arguments>
<kw name="que esteja na tela de resultado da pesquisa pelo produto &quot;budweiser&quot;" library="Resource">
<kw name="Que esteja na tela de produtos" library="Resource">
<kw name="Clicar no botão entrar" library="Resource">
<kw name="Set Browser Implicit Wait" library="SeleniumLibrary">
<doc>Sets the implicit wait value used by Selenium.</doc>
<arguments>
<arg>3s</arg>
</arguments>
<status status="PASS" starttime="20201014 13:54:46.918" endtime="20201014 13:54:46.921"></status>
</kw>
<kw name="Wait Until Element Is Visible" library="SeleniumLibrary">
<doc>Waits until the element ``locator`` is visible.</doc>
<arguments>
<arg>${BOTAO_SIM}</arg>
</arguments>
<status status="PASS" starttime="20201014 13:54:46.922" endtime="20201014 13:54:46.965"></status>
</kw>
<kw name="Click Button" library="SeleniumLibrary">
<doc>Clicks the button identified by ``locator``.</doc>
<arguments>
<arg>${BOTAO_SIM}</arg>
</arguments>
<msg timestamp="20201014 13:54:46.965" level="INFO">Clicking button 'css=#age-gate-button-yes'.</msg>
<status status="PASS" starttime="20201014 13:54:46.965" endtime="20201014 13:54:47.052"></status>
</kw>
<kw name="Click Button" library="SeleniumLibrary">
<doc>Clicks the button identified by ``locator``.</doc>
<arguments>
<arg>${BOTAO_ENTRAR_HOME}</arg>
</arguments>
<msg timestamp="20201014 13:54:47.053" level="INFO">Clicking button 'css=#welcome-button-sign-in'.</msg>
<status status="PASS" starttime="20201014 13:54:47.052" endtime="20201014 13:54:47.467"></status>
</kw>
<kw name="Click Button" library="SeleniumLibrary">
<doc>Clicks the button identified by ``locator``.</doc>
<arguments>
<arg>${COOKIES}</arg>
</arguments>
<msg timestamp="20201014 13:54:47.468" level="INFO">Clicking button 'css=button.optanon-allow-all'.</msg>
<status status="PASS" starttime="20201014 13:54:47.468" endtime="20201014 13:54:48.565"></status>
</kw>
<kw name="Wait Until Element Is Visible" library="SeleniumLibrary">
<doc>Waits until the element ``locator`` is visible.</doc>
<arguments>
<arg>${EMAIL}</arg>
</arguments>
<status status="PASS" starttime="20201014 13:54:48.566" endtime="20201014 13:54:48.614"></status>
</kw>
<kw name="Input Text" library="SeleniumLibrary">
<doc>Types the given ``text`` into the text field identified by ``locator``.</doc>
<arguments>
<arg>${EMAIL}</arg>
<arg>challenge.teste@gmail.com</arg>
</arguments>
<msg timestamp="20201014 13:54:48.615" level="INFO">Typing text 'challenge.teste@gmail.com' into text field 'css=#login-mail-input-email'.</msg>
<status status="PASS" starttime="20201014 13:54:48.614" endtime="20201014 13:54:48.816"></status>
</kw>
<kw name="Input Password" library="SeleniumLibrary">
<doc>Types the given password into the text field identified by ``locator``.</doc>
<arguments>
<arg>${PASSWORD}</arg>
<arg>Teste@123**</arg>
</arguments>
<msg timestamp="20201014 13:54:48.817" level="INFO">Typing password into text field 'css=#login-mail-input-password'.</msg>
<msg timestamp="20201014 13:54:48.858" level="INFO">Temporally setting log level to: NONE</msg>
<msg timestamp="20201014 13:54:48.958" level="INFO">Log level changed from NONE to INFO.</msg>
<status status="PASS" starttime="20201014 13:54:48.816" endtime="20201014 13:54:48.958"></status>
</kw>
<kw name="Click Button" library="SeleniumLibrary">
<doc>Clicks the button identified by ``locator``.</doc>
<arguments>
<arg>${BOTAO_ENTRAR_LOGIN}</arg>
</arguments>
<msg timestamp="20201014 13:54:48.959" level="INFO">Clicking button 'css=#login-mail-button-sign-in'.</msg>
<status status="PASS" starttime="20201014 13:54:48.959" endtime="20201014 13:54:49.061"></status>
</kw>
<status status="PASS" starttime="20201014 13:54:46.918" endtime="20201014 13:54:49.061"></status>
</kw>
<kw name="Set Browser Implicit Wait" library="SeleniumLibrary">
<doc>Sets the implicit wait value used by Selenium.</doc>
<arguments>
<arg>3s</arg>
</arguments>
<status status="PASS" starttime="20201014 13:54:49.061" endtime="20201014 13:54:49.063"></status>
</kw>
<kw name="Wait Until Element Is Visible" library="SeleniumLibrary">
<doc>Waits until the element ``locator`` is visible.</doc>
<arguments>
<arg>${CAMPO_PESQUISAR}</arg>
</arguments>
<status status="PASS" starttime="20201014 13:54:49.064" endtime="20201014 13:54:54.476"></status>
</kw>
<status status="PASS" starttime="20201014 13:54:46.917" endtime="20201014 13:54:54.477"></status>
</kw>
<kw name="Pesquisar pela palavra &quot;${PRODUTO}&quot;" library="Resource">
<kw name="Set Browser Implicit Wait" library="SeleniumLibrary">
<doc>Sets the implicit wait value used by Selenium.</doc>
<arguments>
<arg>3s</arg>
</arguments>
<status status="PASS" starttime="20201014 13:54:54.478" endtime="20201014 13:54:54.480"></status>
</kw>
<kw name="Click Element" library="SeleniumLibrary">
<doc>Click the element identified by ``locator``.</doc>
<arguments>
<arg>${CAMPO_PESQUISAR}</arg>
</arguments>
<msg timestamp="20201014 13:54:54.480" level="INFO">Clicking element 'css=#search-product-input'.</msg>
<status status="PASS" starttime="20201014 13:54:54.480" endtime="20201014 13:54:54.589"></status>
</kw>
<kw name="Input Text" library="SeleniumLibrary">
<doc>Types the given ``text`` into the text field identified by ``locator``.</doc>
<arguments>
<arg>${CAMPO_PESQUISAR}</arg>
<arg>${PRODUTO}</arg>
</arguments>
<msg timestamp="20201014 13:54:54.590" level="INFO">Typing text 'budweiser' into text field 'css=#search-product-input'.</msg>
<status status="PASS" starttime="20201014 13:54:54.590" endtime="20201014 13:54:54.944"></status>
</kw>
<kw name="Set Browser Implicit Wait" library="SeleniumLibrary">
<doc>Sets the implicit wait value used by Selenium.</doc>
<arguments>
<arg>3s</arg>
</arguments>
<status status="PASS" starttime="20201014 13:54:54.944" endtime="20201014 13:54:54.945"></status>
</kw>
<kw name="Wait Until Element Is Enabled" library="SeleniumLibrary">
<doc>Waits until the element ``locator`` is enabled.</doc>
<arguments>
<arg>${CONTAINER_PRODUTOS}</arg>
</arguments>
<status status="PASS" starttime="20201014 13:54:54.946" endtime="20201014 13:54:54.970"></status>
</kw>
<kw name="Set Browser Implicit Wait" library="SeleniumLibrary">
<doc>Sets the implicit wait value used by Selenium.</doc>
<arguments>
<arg>3s</arg>
</arguments>
<status status="PASS" starttime="20201014 13:54:54.970" endtime="20201014 13:54:54.971"></status>
</kw>
<kw name="Wait Until Element Is Visible" library="SeleniumLibrary">
<doc>Waits until the element ``locator`` is visible.</doc>
<arguments>
<arg>${LISTA_PRODUTO}</arg>
</arguments>
<status status="PASS" starttime="20201014 13:54:54.972" endtime="20201014 13:54:56.842"></status>
</kw>
<kw name="Click Element" library="SeleniumLibrary">
<doc>Click the element identified by ``locator``.</doc>
<arguments>
<arg>css=#search-product-list-item-brand-1</arg>
</arguments>
<msg timestamp="20201014 13:54:56.843" level="INFO">Clicking element 'css=#search-product-list-item-brand-1'.</msg>
<status status="PASS" starttime="20201014 13:54:56.842" endtime="20201014 13:54:57.011"></status>
</kw>
<status status="PASS" starttime="20201014 13:54:54.477" endtime="20201014 13:54:57.011"></status>
</kw>
<status status="PASS" starttime="20201014 13:54:46.916" endtime="20201014 13:54:57.012"></status>
</kw>
<status status="PASS" starttime="20201014 13:54:46.916" endtime="20201014 13:54:57.012"></status>
</kw>
<status status="PASS" starttime="20201014 13:54:46.915" endtime="20201014 13:54:57.012"></status>
</kw>
<kw name="Quando clicar no link do produto" library="BDDpt-br">
<kw name="Run Keyword" library="BuiltIn">
<doc>Executes the given keyword with the given arguments.</doc>
<arguments>
<arg>${keyword}</arg>
</arguments>
<kw name="Clicar no link do produto" library="Resource">
<kw name="Wait Until Element Is Visible" library="SeleniumLibrary">
<doc>Waits until the element ``locator`` is visible.</doc>
<arguments>
<arg>css=.css-94zwmk-productsSingleListContainer &gt; a:nth-child(5)</arg>
</arguments>
<status status="PASS" starttime="20201014 13:54:57.014" endtime="20201014 13:54:58.357"></status>
</kw>
<kw name="Wait Until Element Is Enabled" library="SeleniumLibrary">
<doc>Waits until the element ``locator`` is enabled.</doc>
<arguments>
<arg>css=.css-94zwmk-productsSingleListContainer &gt; a:nth-child(5)</arg>
</arguments>
<status status="PASS" starttime="20201014 13:54:58.357" endtime="20201014 13:54:58.378"></status>
</kw>
<kw name="Click Link" library="SeleniumLibrary">
<doc>Clicks a link identified by ``locator``.</doc>
<arguments>
<arg>css=.css-94zwmk-productsSingleListContainer &gt; a:nth-child(5)</arg>
</arguments>
<msg timestamp="20201014 13:54:58.378" level="INFO">Clicking link 'css=.css-94zwmk-productsSingleListContainer &gt; a:nth-child(5)'.</msg>
<status status="PASS" starttime="20201014 13:54:58.378" endtime="20201014 13:54:58.467"></status>
</kw>
<status status="PASS" starttime="20201014 13:54:57.013" endtime="20201014 13:54:58.468"></status>
</kw>
<status status="PASS" starttime="20201014 13:54:57.013" endtime="20201014 13:54:58.468"></status>
</kw>
<status status="PASS" starttime="20201014 13:54:57.012" endtime="20201014 13:54:58.468"></status>
</kw>
<kw name="Então o produto deve ser adicionado na sacola" library="BDDpt-br">
<kw name="Run Keyword" library="BuiltIn">
<doc>Executes the given keyword with the given arguments.</doc>
<arguments>
<arg>${keyword}</arg>
</arguments>
<kw name="O produto deve ser adicionado na sacola" library="Resource">
<kw name="Wait Until Element Is Visible" library="SeleniumLibrary">
<doc>Waits until the element ``locator`` is visible.</doc>
<arguments>
<arg>${BOTAO_ADICIONAR}</arg>
</arguments>
<status status="PASS" starttime="20201014 13:54:58.470" endtime="20201014 13:54:59.239"></status>
</kw>
<kw name="Click Button" library="SeleniumLibrary">
<doc>Clicks the button identified by ``locator``.</doc>
<arguments>
<arg>${BOTAO_ADICIONAR}</arg>
</arguments>
<msg timestamp="20201014 13:54:59.239" level="INFO">Clicking button 'css=#add-product'.</msg>
<status status="PASS" starttime="20201014 13:54:59.239" endtime="20201014 13:54:59.304"></status>
</kw>
<kw name="Set Browser Implicit Wait" library="SeleniumLibrary">
<doc>Sets the implicit wait value used by Selenium.</doc>
<arguments>
<arg>3s</arg>
</arguments>
<status status="PASS" starttime="20201014 13:54:59.304" endtime="20201014 13:54:59.307"></status>
</kw>
<kw name="Wait Until Element Is Visible" library="SeleniumLibrary">
<doc>Waits until the element ``locator`` is visible.</doc>
<arguments>
<arg>${SACOLA}</arg>
</arguments>
<status status="PASS" starttime="20201014 13:54:59.307" endtime="20201014 13:55:01.619"></status>
</kw>
<status status="PASS" starttime="20201014 13:54:58.469" endtime="20201014 13:55:01.619"></status>
</kw>
<status status="PASS" starttime="20201014 13:54:58.468" endtime="20201014 13:55:01.620"></status>
</kw>
<status status="PASS" starttime="20201014 13:54:58.468" endtime="20201014 13:55:01.620"></status>
</kw>
<kw name="Fechar Navegador" library="Resource" type="teardown">
<kw name="Delete All Cookies" library="SeleniumLibrary">
<doc>Deletes all cookies.</doc>
<status status="PASS" starttime="20201014 13:55:01.620" endtime="20201014 13:55:01.844"></status>
</kw>
<kw name="Close Browser" library="SeleniumLibrary">
<doc>Closes the current browser.</doc>
<status status="PASS" starttime="20201014 13:55:01.845" endtime="20201014 13:55:01.960"></status>
</kw>
<status status="PASS" starttime="20201014 13:55:01.620" endtime="20201014 13:55:01.961"></status>
</kw>
<status status="PASS" starttime="20201014 13:54:42.399" endtime="20201014 13:55:01.961" critical="yes"></status>
</test>
<test id="s1-s2-t3" name="Cenário 03: Pesquisar produto não existente">
<kw name="Abrir navegador" library="Resource" type="setup">
<kw name="Open Browser" library="SeleniumLibrary">
<doc>Opens a new browser instance to the optional ``url``.</doc>
<arguments>
<arg>${URL}</arg>
<arg>${BROWSER}</arg>
</arguments>
<msg timestamp="20201014 13:55:01.964" level="INFO">Opening browser 'chrome' to base url 'https://www.ze.delivery'.</msg>
<status status="PASS" starttime="20201014 13:55:01.963" endtime="20201014 13:55:06.039"></status>
</kw>
<kw name="Delete All Cookies" library="SeleniumLibrary">
<doc>Deletes all cookies.</doc>
<status status="PASS" starttime="20201014 13:55:06.039" endtime="20201014 13:55:06.052"></status>
</kw>
<kw name="Maximize Browser Window" library="SeleniumLibrary">
<doc>Maximizes current browser window.</doc>
<status status="PASS" starttime="20201014 13:55:06.052" endtime="20201014 13:55:06.160"></status>
</kw>
<status status="PASS" starttime="20201014 13:55:01.963" endtime="20201014 13:55:06.161"></status>
</kw>
<kw name="Dado que esteja na tela de produtos" library="BDDpt-br">
<kw name="Run Keyword" library="BuiltIn">
<doc>Executes the given keyword with the given arguments.</doc>
<arguments>
<arg>${keyword}</arg>
</arguments>
<kw name="Que esteja na tela de produtos" library="Resource">
<kw name="Clicar no botão entrar" library="Resource">
<kw name="Set Browser Implicit Wait" library="SeleniumLibrary">
<doc>Sets the implicit wait value used by Selenium.</doc>
<arguments>
<arg>3s</arg>
</arguments>
<status status="PASS" starttime="20201014 13:55:06.163" endtime="20201014 13:55:06.166"></status>
</kw>
<kw name="Wait Until Element Is Visible" library="SeleniumLibrary">
<doc>Waits until the element ``locator`` is visible.</doc>
<arguments>
<arg>${BOTAO_SIM}</arg>
</arguments>
<status status="PASS" starttime="20201014 13:55:06.166" endtime="20201014 13:55:06.205"></status>
</kw>
<kw name="Click Button" library="SeleniumLibrary">
<doc>Clicks the button identified by ``locator``.</doc>
<arguments>
<arg>${BOTAO_SIM}</arg>
</arguments>
<msg timestamp="20201014 13:55:06.206" level="INFO">Clicking button 'css=#age-gate-button-yes'.</msg>
<status status="PASS" starttime="20201014 13:55:06.205" endtime="20201014 13:55:06.285"></status>
</kw>
<kw name="Click Button" library="SeleniumLibrary">
<doc>Clicks the button identified by ``locator``.</doc>
<arguments>
<arg>${BOTAO_ENTRAR_HOME}</arg>
</arguments>
<msg timestamp="20201014 13:55:06.285" level="INFO">Clicking button 'css=#welcome-button-sign-in'.</msg>
<status status="PASS" starttime="20201014 13:55:06.285" endtime="20201014 13:55:06.679"></status>
</kw>
<kw name="Click Button" library="SeleniumLibrary">
<doc>Clicks the button identified by ``locator``.</doc>
<arguments>
<arg>${COOKIES}</arg>
</arguments>
<msg timestamp="20201014 13:55:06.681" level="INFO">Clicking button 'css=button.optanon-allow-all'.</msg>
<status status="PASS" starttime="20201014 13:55:06.680" endtime="20201014 13:55:07.453"></status>
</kw>
<kw name="Wait Until Element Is Visible" library="SeleniumLibrary">
<doc>Waits until the element ``locator`` is visible.</doc>
<arguments>
<arg>${EMAIL}</arg>
</arguments>
<status status="PASS" starttime="20201014 13:55:07.454" endtime="20201014 13:55:07.504"></status>
</kw>
<kw name="Input Text" library="SeleniumLibrary">
<doc>Types the given ``text`` into the text field identified by ``locator``.</doc>
<arguments>
<arg>${EMAIL}</arg>
<arg>challenge.teste@gmail.com</arg>
</arguments>
<msg timestamp="20201014 13:55:07.505" level="INFO">Typing text 'challenge.teste@gmail.com' into text field 'css=#login-mail-input-email'.</msg>
<status status="PASS" starttime="20201014 13:55:07.504" endtime="20201014 13:55:07.700"></status>
</kw>
<kw name="Input Password" library="SeleniumLibrary">
<doc>Types the given password into the text field identified by ``locator``.</doc>
<arguments>
<arg>${PASSWORD}</arg>
<arg>Teste@123**</arg>
</arguments>
<msg timestamp="20201014 13:55:07.700" level="INFO">Typing password into text field 'css=#login-mail-input-password'.</msg>
<msg timestamp="20201014 13:55:07.744" level="INFO">Temporally setting log level to: NONE</msg>
<msg timestamp="20201014 13:55:07.845" level="INFO">Log level changed from NONE to INFO.</msg>
<status status="PASS" starttime="20201014 13:55:07.700" endtime="20201014 13:55:07.845"></status>
</kw>
<kw name="Click Button" library="SeleniumLibrary">
<doc>Clicks the button identified by ``locator``.</doc>
<arguments>
<arg>${BOTAO_ENTRAR_LOGIN}</arg>
</arguments>
<msg timestamp="20201014 13:55:07.846" level="INFO">Clicking button 'css=#login-mail-button-sign-in'.</msg>
<status status="PASS" starttime="20201014 13:55:07.846" endtime="20201014 13:55:07.943"></status>
</kw>
<status status="PASS" starttime="20201014 13:55:06.163" endtime="20201014 13:55:07.944"></status>
</kw>
<kw name="Set Browser Implicit Wait" library="SeleniumLibrary">
<doc>Sets the implicit wait value used by Selenium.</doc>
<arguments>
<arg>3s</arg>
</arguments>
<status status="PASS" starttime="20201014 13:55:07.944" endtime="20201014 13:55:07.946"></status>
</kw>
<kw name="Wait Until Element Is Visible" library="SeleniumLibrary">
<doc>Waits until the element ``locator`` is visible.</doc>
<arguments>
<arg>${CAMPO_PESQUISAR}</arg>
</arguments>
<status status="PASS" starttime="20201014 13:55:07.946" endtime="20201014 13:55:13.339"></status>
</kw>
<status status="PASS" starttime="20201014 13:55:06.163" endtime="20201014 13:55:13.339"></status>
</kw>
<status status="PASS" starttime="20201014 13:55:06.162" endtime="20201014 13:55:13.339"></status>
</kw>
<status status="PASS" starttime="20201014 13:55:06.162" endtime="20201014 13:55:13.340"></status>
</kw>
<kw name="Quando pesquisar por um &quot;produto não existente&quot;" library="BDDpt-br">
<kw name="Run Keyword" library="BuiltIn">
<doc>Executes the given keyword with the given arguments.</doc>
<arguments>
<arg>${keyword}</arg>
</arguments>
<kw name="pesquisar por um &quot;produto não existente&quot;" library="Resource">
<kw name="Set Browser Implicit Wait" library="SeleniumLibrary">
<doc>Sets the implicit wait value used by Selenium.</doc>
<arguments>
<arg>3s</arg>
</arguments>
<status status="PASS" starttime="20201014 13:55:13.341" endtime="20201014 13:55:13.342"></status>
</kw>
<kw name="Click Element" library="SeleniumLibrary">
<doc>Click the element identified by ``locator``.</doc>
<arguments>
<arg>${CAMPO_PESQUISAR}</arg>
</arguments>
<msg timestamp="20201014 13:55:13.342" level="INFO">Clicking element 'css=#search-product-input'.</msg>
<status status="PASS" starttime="20201014 13:55:13.342" endtime="20201014 13:55:13.491"></status>
</kw>
<kw name="Input Text" library="SeleniumLibrary">
<doc>Types the given ``text`` into the text field identified by ``locator``.</doc>
<arguments>
<arg>${CAMPO_PESQUISAR}</arg>
<arg>${PRODUTO_INEXISTENTE}</arg>
</arguments>
<msg timestamp="20201014 13:55:13.492" level="INFO">Typing text 'produto não existente' into text field 'css=#search-product-input'.</msg>
<status status="PASS" starttime="20201014 13:55:13.491" endtime="20201014 13:55:13.782"></status>
</kw>
<status status="PASS" starttime="20201014 13:55:13.340" endtime="20201014 13:55:13.782"></status>
</kw>
<status status="PASS" starttime="20201014 13:55:13.340" endtime="20201014 13:55:13.782"></status>
</kw>
<status status="PASS" starttime="20201014 13:55:13.340" endtime="20201014 13:55:13.782"></status>
</kw>
<kw name="Então a mensagem &quot;Putz, não conseguimos encontrar o produto &quot;produto não existente&quot;&quot; deve ser mostrada" library="BDDpt-br">
<kw name="Run Keyword" library="BuiltIn">
<doc>Executes the given keyword with the given arguments.</doc>
<arguments>
<arg>${keyword}</arg>
</arguments>
<kw name="A mensagem &quot;Putz, não conseguimos encontrar o produto &quot;produto não existente&quot;&quot; deve ser mostrada" library="Resource">
<kw name="Set Browser Implicit Wait" library="SeleniumLibrary">
<doc>Sets the implicit wait value used by Selenium.</doc>
<arguments>
<arg>3s</arg>
</arguments>
<status status="PASS" starttime="20201014 13:55:13.785" endtime="20201014 13:55:13.786"></status>
</kw>
<kw name="Wait Until Element Is Enabled" library="SeleniumLibrary">
<doc>Waits until the element ``locator`` is enabled.</doc>
<arguments>
<arg>${CONTAINER_PRODUTOS}</arg>
</arguments>
<status status="PASS" starttime="20201014 13:55:13.786" endtime="20201014 13:55:13.838"></status>
</kw>
<kw name="Wait Until Element Is Visible" library="SeleniumLibrary">
<doc>Waits until the element ``locator`` is visible.</doc>
<arguments>
<arg>${MENSAGEM_PRODUTO}</arg>
</arguments>
<status status="PASS" starttime="20201014 13:55:13.838" endtime="20201014 13:55:15.443"></status>
</kw>
<status status="PASS" starttime="20201014 13:55:13.784" endtime="20201014 13:55:15.444"></status>
</kw>
<status status="PASS" starttime="20201014 13:55:13.783" endtime="20201014 13:55:15.444"></status>
</kw>
<status status="PASS" starttime="20201014 13:55:13.783" endtime="20201014 13:55:15.445"></status>
</kw>
<kw name="Fechar Navegador" library="Resource" type="teardown">
<kw name="Delete All Cookies" library="SeleniumLibrary">
<doc>Deletes all cookies.</doc>
<status status="PASS" starttime="20201014 13:55:15.447" endtime="20201014 13:55:15.678"></status>
</kw>
<kw name="Close Browser" library="SeleniumLibrary">
<doc>Closes the current browser.</doc>
<status status="PASS" starttime="20201014 13:55:15.678" endtime="20201014 13:55:15.797"></status>
</kw>
<status status="PASS" starttime="20201014 13:55:15.446" endtime="20201014 13:55:15.797"></status>
</kw>
<status status="PASS" starttime="20201014 13:55:01.962" endtime="20201014 13:55:15.797" critical="yes"></status>
</test>
<status status="FAIL" starttime="20201014 13:54:28.567" endtime="20201014 13:55:15.799"></status>
</suite>
<suite id="s1-s3" name="TestCase3-Sacola" source="/home/larissa/Área de Trabalho/ze_delivery_challenge/Site/test_suite_site/TestCase3-Sacola.robot">
<test id="s1-s3-t1" name="Cenário 01: Alterar a quantidade">
<kw name="Abrir navegador" library="Resource" type="setup">
<kw name="Open Browser" library="SeleniumLibrary">
<doc>Opens a new browser instance to the optional ``url``.</doc>
<arguments>
<arg>${URL}</arg>
<arg>${BROWSER}</arg>
</arguments>
<msg timestamp="20201014 13:55:15.813" level="INFO">Opening browser 'chrome' to base url 'https://www.ze.delivery'.</msg>
<status status="PASS" starttime="20201014 13:55:15.813" endtime="20201014 13:55:19.782"></status>
</kw>
<kw name="Delete All Cookies" library="SeleniumLibrary">
<doc>Deletes all cookies.</doc>
<status status="PASS" starttime="20201014 13:55:19.782" endtime="20201014 13:55:19.792"></status>
</kw>
<kw name="Maximize Browser Window" library="SeleniumLibrary">
<doc>Maximizes current browser window.</doc>
<status status="PASS" starttime="20201014 13:55:19.793" endtime="20201014 13:55:19.903"></status>
</kw>
<status status="PASS" starttime="20201014 13:55:15.812" endtime="20201014 13:55:19.904"></status>
</kw>
<kw name="Dado que esteja na sacola" library="BDDpt-br">
<kw name="Run Keyword" library="BuiltIn">
<doc>Executes the given keyword with the given arguments.</doc>
<arguments>
<arg>${keyword}</arg>
</arguments>
<kw name="Que esteja na sacola" library="Resource">
<kw name="Que esteja na tela de produtos" library="Resource">
<kw name="Clicar no botão entrar" library="Resource">
<kw name="Set Browser Implicit Wait" library="SeleniumLibrary">
<doc>Sets the implicit wait value used by Selenium.</doc>
<arguments>
<arg>3s</arg>
</arguments>
<status status="PASS" starttime="20201014 13:55:19.909" endtime="20201014 13:55:19.911"></status>
</kw>
<kw name="Wait Until Element Is Visible" library="SeleniumLibrary">
<doc>Waits until the element ``locator`` is visible.</doc>
<arguments>
<arg>${BOTAO_SIM}</arg>
</arguments>
<status status="PASS" starttime="20201014 13:55:19.911" endtime="20201014 13:55:19.945"></status>
</kw>
<kw name="Click Button" library="SeleniumLibrary">
<doc>Clicks the button identified by ``locator``.</doc>
<arguments>
<arg>${BOTAO_SIM}</arg>
</arguments>
<msg timestamp="20201014 13:55:19.946" level="INFO">Clicking button 'css=#age-gate-button-yes'.</msg>
<status status="PASS" starttime="20201014 13:55:19.945" endtime="20201014 13:55:20.023"></status>
</kw>
<kw name="Click Button" library="SeleniumLibrary">
<doc>Clicks the button identified by ``locator``.</doc>
<arguments>
<arg>${BOTAO_ENTRAR_HOME}</arg>
</arguments>
<msg timestamp="20201014 13:55:20.023" level="INFO">Clicking button 'css=#welcome-button-sign-in'.</msg>
<status status="PASS" starttime="20201014 13:55:20.023" endtime="20201014 13:55:20.439"></status>
</kw>
<kw name="Click Button" library="SeleniumLibrary">
<doc>Clicks the button identified by ``locator``.</doc>
<arguments>
<arg>${COOKIES}</arg>
</arguments>
<msg timestamp="20201014 13:55:20.443" level="INFO">Clicking button 'css=button.optanon-allow-all'.</msg>
<status status="PASS" starttime="20201014 13:55:20.440" endtime="20201014 13:55:21.236"></status>
</kw>
<kw name="Wait Until Element Is Visible" library="SeleniumLibrary">
<doc>Waits until the element ``locator`` is visible.</doc>
<arguments>
<arg>${EMAIL}</arg>
</arguments>
<status status="PASS" starttime="20201014 13:55:21.237" endtime="20201014 13:55:21.287"></status>
</kw>
<kw name="Input Text" library="SeleniumLibrary">
<doc>Types the given ``text`` into the text field identified by ``locator``.</doc>
<arguments>
<arg>${EMAIL}</arg>
<arg>challenge.teste@gmail.com</arg>
</arguments>
<msg timestamp="20201014 13:55:21.288" level="INFO">Typing text 'challenge.teste@gmail.com' into text field 'css=#login-mail-input-email'.</msg>
<status status="PASS" starttime="20201014 13:55:21.287" endtime="20201014 13:55:21.490"></status>
</kw>
<kw name="Input Password" library="SeleniumLibrary">
<doc>Types the given password into the text field identified by ``locator``.</doc>
<arguments>
<arg>${PASSWORD}</arg>
<arg>Teste@123**</arg>
</arguments>
<msg timestamp="20201014 13:55:21.490" level="INFO">Typing password into text field 'css=#login-mail-input-password'.</msg>
<msg timestamp="20201014 13:55:21.533" level="INFO">Temporally setting log level to: NONE</msg>
<msg timestamp="20201014 13:55:21.630" level="INFO">Log level changed from NONE to INFO.</msg>
<status status="PASS" starttime="20201014 13:55:21.490" endtime="20201014 13:55:21.630"></status>
</kw>
<kw name="Click Button" library="SeleniumLibrary">
<doc>Clicks the button identified by ``locator``.</doc>
<arguments>
<arg>${BOTAO_ENTRAR_LOGIN}</arg>
</arguments>
<msg timestamp="20201014 13:55:21.631" level="INFO">Clicking button 'css=#login-mail-button-sign-in'.</msg>
<status status="PASS" starttime="20201014 13:55:21.631" endtime="20201014 13:55:21.725"></status>
</kw>
<status status="PASS" starttime="20201014 13:55:19.908" endtime="20201014 13:55:21.726"></status>
</kw>
<kw name="Set Browser Implicit Wait" library="SeleniumLibrary">
<doc>Sets the implicit wait value used by Selenium.</doc>
<arguments>
<arg>3s</arg>
</arguments>
<status status="PASS" starttime="20201014 13:55:21.726" endtime="20201014 13:55:21.729"></status>
</kw>
<kw name="Wait Until Element Is Visible" library="SeleniumLibrary">
<doc>Waits until the element ``locator`` is visible.</doc>
<arguments>
<arg>${CAMPO_PESQUISAR}</arg>
</arguments>
<status status="PASS" starttime="20201014 13:55:21.729" endtime="20201014 13:55:26.699"></status>
</kw>
<status status="PASS" starttime="20201014 13:55:19.907" endtime="20201014 13:55:26.699"></status>
</kw>
<kw name="Click Element" library="SeleniumLibrary">
<doc>Click the element identified by ``locator``.</doc>
<arguments>
<arg>${BOTAO_CHECKOUT}</arg>
</arguments>
<msg timestamp="20201014 13:55:26.700" level="INFO">Clicking element 'css=#bag-pre-checkout'.</msg>
<status status="PASS" starttime="20201014 13:55:26.699" endtime="20201014 13:55:26.781"></status>
</kw>
<kw name="Set Browser Implicit Wait" library="SeleniumLibrary">
<doc>Sets the implicit wait value used by Selenium.</doc>
<arguments>
<arg>3s</arg>
</arguments>
<status status="PASS" starttime="20201014 13:55:26.781" endtime="20201014 13:55:26.783"></status>
</kw>
<kw name="Wait Until Element Is Visible" library="SeleniumLibrary">
<doc>Waits until the element ``locator`` is visible.</doc>
<arguments>
<arg>${SACOLA}</arg>
</arguments>
<status status="PASS" starttime="20201014 13:55:26.783" endtime="20201014 13:55:27.786"></status>
</kw>
<status status="PASS" starttime="20201014 13:55:19.907" endtime="20201014 13:55:27.786"></status>
</kw>
<status status="PASS" starttime="20201014 13:55:19.906" endtime="20201014 13:55:27.786"></status>
</kw>
<status status="PASS" starttime="20201014 13:55:19.904" endtime="20201014 13:55:27.786"></status>
</kw>
<kw name="Quando acrescentar 1 unidade" library="BDDpt-br">
<kw name="Run Keyword" library="BuiltIn">
<doc>Executes the given keyword with the given arguments.</doc>
<arguments>
<arg>${keyword}</arg>
</arguments>
<kw name="Acrescentar 1 unidade" library="Resource">
<kw name="Wait Until Element Is Visible" library="SeleniumLibrary">
<doc>Waits until the element ``locator`` is visible.</doc>
<arguments>
<arg>${SACOLA}</arg>
</arguments>
<status status="PASS" starttime="20201014 13:55:27.787" endtime="20201014 13:55:27.804"></status>
</kw>
<kw name="Wait Until Element Is Visible" library="SeleniumLibrary">
<doc>Waits until the element ``locator`` is visible.</doc>
<arguments>
<arg>css=#product-plus-button</arg>
</arguments>
<status status="PASS" starttime="20201014 13:55:27.804" endtime="20201014 13:55:27.823"></status>
</kw>
<kw name="Click Element" library="SeleniumLibrary">
<doc>Click the element identified by ``locator``.</doc>
<arguments>
<arg>css=#product-plus-button</arg>
</arguments>
<msg timestamp="20201014 13:55:27.824" level="INFO">Clicking element 'css=#product-plus-button'.</msg>
<status status="PASS" starttime="20201014 13:55:27.823" endtime="20201014 13:55:27.867"></status>
</kw>
<status status="PASS" starttime="20201014 13:55:27.787" endtime="20201014 13:55:27.867"></status>
</kw>
<status status="PASS" starttime="20201014 13:55:27.787" endtime="20201014 13:55:27.867"></status>
</kw>
<status status="PASS" starttime="20201014 13:55:27.787" endtime="20201014 13:55:27.867"></status>
</kw>
<kw name="Então a quantidade deve ser alterada" library="BDDpt-br">
<kw name="Run Keyword" library="BuiltIn">
<doc>Executes the given keyword with the given arguments.</doc>
<arguments>
<arg>${keyword}</arg>
</arguments>
<kw name="A quantidade deve ser alterada" library="Resource">
<kw name="Wait Until Element Is Visible" library="SeleniumLibrary">
<doc>Waits until the element ``locator`` is visible.</doc>
<arguments>
<arg>css=#product-amount</arg>
</arguments>
<status status="PASS" starttime="20201014 13:55:27.869" endtime="20201014 13:55:27.890"></status>
</kw>
<kw name="Page Should Contain" library="SeleniumLibrary">
<doc>Verifies that current page contains ``text``.</doc>
<arguments>
<arg>2</arg>
</arguments>
<msg timestamp="20201014 13:55:27.915" level="INFO">Current page contains text '2'.</msg>
<status status="PASS" starttime="20201014 13:55:27.890" endtime="20201014 13:55:27.916"></status>
</kw>
<status status="PASS" starttime="20201014 13:55:27.868" endtime="20201014 13:55:27.916"></status>
</kw>
<status status="PASS" starttime="20201014 13:55:27.868" endtime="20201014 13:55:27.916"></status>
</kw>
<status status="PASS" starttime="20201014 13:55:27.867" endtime="20201014 13:55:27.916"></status>
</kw>
<kw name="Fechar Navegador" library="Resource" type="teardown">
<kw name="Delete All Cookies" library="SeleniumLibrary">
<doc>Deletes all cookies.</doc>
<status status="PASS" starttime="20201014 13:55:27.917" endtime="20201014 13:55:28.134"></status>
</kw>
<kw name="Close Browser" library="SeleniumLibrary">
<doc>Closes the current browser.</doc>
<status status="PASS" starttime="20201014 13:55:28.135" endtime="20201014 13:55:28.228"></status>
</kw>
<status status="PASS" starttime="20201014 13:55:27.917" endtime="20201014 13:55:28.231"></status>
</kw>
<status status="PASS" starttime="20201014 13:55:15.811" endtime="20201014 13:55:28.232" critical="yes"></status>
</test>
<test id="s1-s3-t2" name="Cenário 02: Remover item da sacola">
<kw name="Abrir navegador" library="Resource" type="setup">
<kw name="Open Browser" library="SeleniumLibrary">
<doc>Opens a new browser instance to the optional ``url``.</doc>
<arguments>
<arg>${URL}</arg>
<arg>${BROWSER}</arg>
</arguments>
<msg timestamp="20201014 13:55:28.236" level="INFO">Opening browser 'chrome' to base url 'https://www.ze.delivery'.</msg>
<status status="PASS" starttime="20201014 13:55:28.235" endtime="20201014 13:55:32.577"></status>
</kw>
<kw name="Delete All Cookies" library="SeleniumLibrary">
<doc>Deletes all cookies.</doc>
<status status="PASS" starttime="20201014 13:55:32.578" endtime="20201014 13:55:32.586"></status>
</kw>
<kw name="Maximize Browser Window" library="SeleniumLibrary">
<doc>Maximizes current browser window.</doc>
<status status="PASS" starttime="20201014 13:55:32.586" endtime="20201014 13:55:32.691"></status>
</kw>
<status status="PASS" starttime="20201014 13:55:28.234" endtime="20201014 13:55:32.691"></status>
</kw>
<kw name="Dado que esteja na sacola" library="BDDpt-br">
<kw name="Run Keyword" library="BuiltIn">
<doc>Executes the given keyword with the given arguments.</doc>
<arguments>
<arg>${keyword}</arg>
</arguments>
<kw name="Que esteja na sacola" library="Resource">
<kw name="Que esteja na tela de produtos" library="Resource">
<kw name="Clicar no botão entrar" library="Resource">
<kw name="Set Browser Implicit Wait" library="SeleniumLibrary">
<doc>Sets the implicit wait value used by Selenium.</doc>
<arguments>
<arg>3s</arg>
</arguments>
<status status="PASS" starttime="20201014 13:55:32.694" endtime="20201014 13:55:32.696"></status>
</kw>
<kw name="Wait Until Element Is Visible" library="SeleniumLibrary">
<doc>Waits until the element ``locator`` is visible.</doc>
<arguments>
<arg>${BOTAO_SIM}</arg>
</arguments>
<status status="PASS" starttime="20201014 13:55:32.697" endtime="20201014 13:55:32.728"></status>
</kw>
<kw name="Click Button" library="SeleniumLibrary">
<doc>Clicks the button identified by ``locator``.</doc>
<arguments>
<arg>${BOTAO_SIM}</arg>
</arguments>
<msg timestamp="20201014 13:55:32.728" level="INFO">Clicking button 'css=#age-gate-button-yes'.</msg>
<status status="PASS" starttime="20201014 13:55:32.728" endtime="20201014 13:55:32.811"></status>
</kw>
<kw name="Click Button" library="SeleniumLibrary">
<doc>Clicks the button identified by ``locator``.</doc>
<arguments>
<arg>${BOTAO_ENTRAR_HOME}</arg>
</arguments>
<msg timestamp="20201014 13:55:32.811" level="INFO">Clicking button 'css=#welcome-button-sign-in'.</msg>
<status status="PASS" starttime="20201014 13:55:32.811" endtime="20201014 13:55:33.210"></status>
</kw>
<kw name="Click Button" library="SeleniumLibrary">
<doc>Clicks the button identified by ``locator``.</doc>
<arguments>
<arg>${COOKIES}</arg>
</arguments>
<msg timestamp="20201014 13:55:33.212" level="INFO">Clicking button 'css=button.optanon-allow-all'.</msg>
<status status="PASS" starttime="20201014 13:55:33.211" endtime="20201014 13:55:33.897"></status>
</kw>
<kw name="Wait Until Element Is Visible" library="SeleniumLibrary">
<doc>Waits until the element ``locator`` is visible.</doc>
<arguments>
<arg>${EMAIL}</arg>
</arguments>
<status status="PASS" starttime="20201014 13:55:33.898" endtime="20201014 13:55:33.943"></status>
</kw>
<kw name="Input Text" library="SeleniumLibrary">
<doc>Types the given ``text`` into the text field identified by ``locator``.</doc>
<arguments>
<arg>${EMAIL}</arg>
<arg>challenge.teste@gmail.com</arg>
</arguments>
<msg timestamp="20201014 13:55:33.943" level="INFO">Typing text 'challenge.teste@gmail.com' into text field 'css=#login-mail-input-email'.</msg>
<status status="PASS" starttime="20201014 13:55:33.943" endtime="20201014 13:55:34.143"></status>
</kw>
<kw name="Input Password" library="SeleniumLibrary">
<doc>Types the given password into the text field identified by ``locator``.</doc>
<arguments>
<arg>${PASSWORD}</arg>
<arg>Teste@123**</arg>
</arguments>
<msg timestamp="20201014 13:55:34.144" level="INFO">Typing password into text field 'css=#login-mail-input-password'.</msg>
<msg timestamp="20201014 13:55:34.189" level="INFO">Temporally setting log level to: NONE</msg>
<msg timestamp="20201014 13:55:34.287" level="INFO">Log level changed from NONE to INFO.</msg>
<status status="PASS" starttime="20201014 13:55:34.143" endtime="20201014 13:55:34.288"></status>
</kw>
<kw name="Click Button" library="SeleniumLibrary">
<doc>Clicks the button identified by ``locator``.</doc>
<arguments>
<arg>${BOTAO_ENTRAR_LOGIN}</arg>
</arguments>
<msg timestamp="20201014 13:55:34.289" level="INFO">Clicking button 'css=#login-mail-button-sign-in'.</msg>
<status status="PASS" starttime="20201014 13:55:34.289" endtime="20201014 13:55:34.387"></status>
</kw>
<status status="PASS" starttime="20201014 13:55:32.694" endtime="20201014 13:55:34.387"></status>
</kw>
<kw name="Set Browser Implicit Wait" library="SeleniumLibrary">
<doc>Sets the implicit wait value used by Selenium.</doc>
<arguments>
<arg>3s</arg>
</arguments>
<status status="PASS" starttime="20201014 13:55:34.388" endtime="20201014 13:55:34.394"></status>
</kw>
<kw name="Wait Until Element Is Visible" library="SeleniumLibrary">
<doc>Waits until the element ``locator`` is visible.</doc>
<arguments>
<arg>${CAMPO_PESQUISAR}</arg>
</arguments>
<status status="PASS" starttime="20201014 13:55:34.394" endtime="20201014 13:55:38.448"></status>
</kw>
<status status="PASS" starttime="20201014 13:55:32.694" endtime="20201014 13:55:38.448"></status>
</kw>
<kw name="Click Element" library="SeleniumLibrary">
<doc>Click the element identified by ``locator``.</doc>
<arguments>
<arg>${BOTAO_CHECKOUT}</arg>
</arguments>
<msg timestamp="20201014 13:55:38.448" level="INFO">Clicking element 'css=#bag-pre-checkout'.</msg>
<status status="PASS" starttime="20201014 13:55:38.448" endtime="20201014 13:55:38.552"></status>
</kw>
<kw name="Set Browser Implicit Wait" library="SeleniumLibrary">
<doc>Sets the implicit wait value used by Selenium.</doc>
<arguments>
<arg>3s</arg>
</arguments>
<status status="PASS" starttime="20201014 13:55:38.552" endtime="20201014 13:55:38.554"></status>
</kw>
<kw name="Wait Until Element Is Visible" library="SeleniumLibrary">
<doc>Waits until the element ``locator`` is visible.</doc>
<arguments>
<arg>${SACOLA}</arg>
</arguments>
<status status="PASS" starttime="20201014 13:55:38.554" endtime="20201014 13:55:39.627"></status>
</kw>
<status status="PASS" starttime="20201014 13:55:32.693" endtime="20201014 13:55:39.627"></status>
</kw>
<status status="PASS" starttime="20201014 13:55:32.693" endtime="20201014 13:55:39.627"></status>
</kw>
<status status="PASS" starttime="20201014 13:55:32.691" endtime="20201014 13:55:39.627"></status>
</kw>
<kw name="Quando clicar na lixeira" library="BDDpt-br">
<kw name="Run Keyword" library="BuiltIn">
<doc>Executes the given keyword with the given arguments.</doc>
<arguments>
<arg>${keyword}</arg>
</arguments>
<kw name="Clicar na lixeira" library="Resource">
<kw name="Wait Until Element Is Visible" library="SeleniumLibrary">
<doc>Waits until the element ``locator`` is visible.</doc>
<arguments>
<arg>css=div.css-1p8r4y7:nth-child(4) &gt; div:nth-child(1) &gt; svg:nth-child(3)</arg>
</arguments>
<status status="PASS" starttime="20201014 13:55:39.628" endtime="20201014 13:55:39.651"></status>
</kw>
<kw name="Click Element" library="SeleniumLibrary">
<doc>Click the element identified by ``locator``.</doc>
<arguments>
<arg>css=div.css-1p8r4y7:nth-child(4) &gt; div:nth-child(1) &gt; svg:nth-child(3)</arg>
</arguments>
<msg timestamp="20201014 13:55:39.651" level="INFO">Clicking element 'css=div.css-1p8r4y7:nth-child(4) &gt; div:nth-child(1) &gt; svg:nth-child(3)'.</msg>
<status status="PASS" starttime="20201014 13:55:39.651" endtime="20201014 13:55:39.707"></status>
</kw>
<status status="PASS" starttime="20201014 13:55:39.628" endtime="20201014 13:55:39.707"></status>
</kw>
<status status="PASS" starttime="20201014 13:55:39.627" endtime="20201014 13:55:39.707"></status>
</kw>
<status status="PASS" starttime="20201014 13:55:39.627" endtime="20201014 13:55:39.707"></status>
</kw>
<kw name="Então a mensagem &quot;Você deseja remover este produto?&quot; deve ser exibida" library="BDDpt-br">
<kw name="Run Keyword" library="BuiltIn">
<doc>Executes the given keyword with the given arguments.</doc>
<arguments>
<arg>${keyword}</arg>
</arguments>
<kw name="A mensagem &quot;Você deseja remover este produto?&quot; deve ser exibida" library="Resource">
<kw name="Wait Until Element Is Visible" library="SeleniumLibrary">
<doc>Waits until the element ``locator`` is visible.</doc>
<arguments>
<arg>css=#primary-modal-button</arg>
</arguments>
<status status="PASS" starttime="20201014 13:55:39.708" endtime="20201014 13:55:39.954"></status>
</kw>
<status status="PASS" starttime="20201014 13:55:39.708" endtime="20201014 13:55:39.954"></status>
</kw>
<status status="PASS" starttime="20201014 13:55:39.708" endtime="20201014 13:55:39.954"></status>
</kw>
<status status="PASS" starttime="20201014 13:55:39.707" endtime="20201014 13:55:39.955"></status>
</kw>
<kw name="E o item &quot;Budweiser 550ml | Vasilhame Incluso&quot; deve ser excluído" library="BDDpt-br">
<kw name="Run Keyword" library="BuiltIn">
<doc>Executes the given keyword with the given arguments.</doc>
<arguments>
<arg>${keyword}</arg>
</arguments>
<kw name="O item &quot;Budweiser 550ml | Vasilhame incluso&quot; deve ser excluído" library="Resource">
<kw name="Click Button" library="SeleniumLibrary">
<doc>Clicks the button identified by ``locator``.</doc>
<arguments>
<arg>css=#primary-modal-button</arg>
</arguments>
<msg timestamp="20201014 13:55:39.959" level="INFO">Clicking button 'css=#primary-modal-button'.</msg>
<status status="PASS" starttime="20201014 13:55:39.959" endtime="20201014 13:55:40.068"></status>
</kw>
<kw name="Set Browser Implicit Wait" library="SeleniumLibrary">
<doc>Sets the implicit wait value used by Selenium.</doc>
<arguments>
<arg>10s</arg>
</arguments>
<status status="PASS" starttime="20201014 13:55:40.068" endtime="20201014 13:55:40.070"></status>
</kw>
<status status="PASS" starttime="20201014 13:55:39.958" endtime="20201014 13:55:40.070"></status>
</kw>
<status status="PASS" starttime="20201014 13:55:39.957" endtime="20201014 13:55:40.071"></status>
</kw>
<status status="PASS" starttime="20201014 13:55:39.956" endtime="20201014 13:55:40.071"></status>
</kw>
<kw name="Fechar Navegador" library="Resource" type="teardown">
<kw name="Delete All Cookies" library="SeleniumLibrary">
<doc>Deletes all cookies.</doc>
<status status="PASS" starttime="20201014 13:55:40.072" endtime="20201014 13:55:40.282"></status>
</kw>
<kw name="Close Browser" library="SeleniumLibrary">
<doc>Closes the current browser.</doc>
<status status="PASS" starttime="20201014 13:55:40.282" endtime="20201014 13:55:40.389"></status>
</kw>
<status status="PASS" starttime="20201014 13:55:40.072" endtime="20201014 13:55:40.389"></status>
</kw>
<status status="PASS" starttime="20201014 13:55:28.233" endtime="20201014 13:55:40.390" critical="yes"></status>
</test>
<status status="PASS" starttime="20201014 13:55:15.803" endtime="20201014 13:55:40.392"></status>
</suite>
<status status="FAIL" starttime="20201014 13:54:04.963" endtime="20201014 13:55:40.397"></status>
</suite>
<statistics>
<total>
<stat pass="7" fail="1">Critical Tests</stat>
<stat pass="7" fail="1">All Tests</stat>
</total>
<tag>
</tag>
<suite>
<stat pass="7" fail="1" id="s1" name="Test Suite Site">Test Suite Site</stat>
<stat pass="3" fail="0" id="s1-s1" name="TestCase1-Login">Test Suite Site.TestCase1-Login</stat>
<stat pass="2" fail="1" id="s1-s2" name="TestCase2-Busca">Test Suite Site.TestCase2-Busca</stat>
<stat pass="2" fail="0" id="s1-s3" name="TestCase3-Sacola">Test Suite Site.TestCase3-Sacola</stat>
</suite>
</statistics>
<errors>
</errors>
</robot>
